<?xml version="1.0" encoding="UTF-8"?>
<testng-results skipped="0" failed="0" ignored="12" total="16" passed="4">
  <reporter-output>
  </reporter-output>
  <suite name="login-module" duration-ms="11073" started-at="2021-05-05T00:43:07 GMT" finished-at="2021-05-05T00:43:18 GMT">
    <groups>
    </groups>
    <test name="Negative login - empty username1" duration-ms="4145" started-at="2021-05-05T00:43:07 GMT" finished-at="2021-05-05T00:43:11 GMT">
      <class name="com.loginModule.LoginTest">
        <test-method status="PASS" signature="beforeTest(org.testng.ITestContext)[pri:0, instance:com.loginModule.LoginTest@6d7b4f4c]" name="beforeTest" is-config="true" duration-ms="2001" started-at="2021-05-05T00:43:07 GMT" finished-at="2021-05-05T00:43:09 GMT">
          <params>
            <param index="0">
              <value>
                <![CDATA[org.testng.TestRunner@48503868]]>
              </value>
            </param>
          </params>
          <reporter-output>
          </reporter-output>
        </test-method> <!-- beforeTest -->
        <test-method status="PASS" signature="setUpCredentials(java.lang.String,java.lang.String,java.lang.String)[pri:0, instance:com.loginModule.LoginTest@6d7b4f4c]" name="setUpCredentials" is-config="true" duration-ms="1" started-at="2021-05-05T00:43:09 GMT" depends-on-methods="com.test.BaseTest.beforeTest" finished-at="2021-05-05T00:43:09 GMT">
          <params>
            <param index="0">
              <value>
                <![CDATA[]]>
              </value>
            </param>
            <param index="1">
              <value>
                <![CDATA[1234]]>
              </value>
            </param>
            <param index="2">
              <value>
                <![CDATA[This field is required]]>
              </value>
            </param>
          </params>
          <reporter-output>
          </reporter-output>
        </test-method> <!-- setUpCredentials -->
        <test-method status="PASS" signature="setUp()[pri:0, instance:com.loginModule.LoginTest@6d7b4f4c]" name="setUp" is-config="true" duration-ms="889" started-at="2021-05-05T00:43:09 GMT" finished-at="2021-05-05T00:43:10 GMT">
          <reporter-output>
          </reporter-output>
        </test-method> <!-- setUp -->
        <test-method status="PASS" signature="loginEmptyUsername()[pri:0, instance:com.loginModule.LoginTest@6d7b4f4c]" name="loginEmptyUsername" duration-ms="727" started-at="2021-05-05T00:43:10 GMT" finished-at="2021-05-05T00:43:11 GMT">
          <reporter-output>
          </reporter-output>
        </test-method> <!-- loginEmptyUsername -->
        <test-method status="PASS" signature="afterMethod(org.testng.ITestResult)[pri:0, instance:com.loginModule.LoginTest@6d7b4f4c]" name="afterMethod" is-config="true" duration-ms="62" started-at="2021-05-05T00:43:11 GMT" finished-at="2021-05-05T00:43:11 GMT">
          <params>
            <param index="0">
              <value>
                <![CDATA[[TestResult name=loginEmptyUsername status=SUCCESS method=LoginTest.loginEmptyUsername()[pri:0, instance:com.loginModule.LoginTest@6d7b4f4c] output={null}]]]>
              </value>
            </param>
          </params>
          <reporter-output>
          </reporter-output>
        </test-method> <!-- afterMethod -->
        <test-method status="PASS" signature="tearDown()[pri:0, instance:com.loginModule.LoginTest@6d7b4f4c]" name="tearDown" is-config="true" duration-ms="440" started-at="2021-05-05T00:43:11 GMT" finished-at="2021-05-05T00:43:11 GMT">
          <reporter-output>
          </reporter-output>
        </test-method> <!-- tearDown -->
      </class> <!-- com.loginModule.LoginTest -->
    </test> <!-- Negative login - empty username1 -->
    <test name="Positive Login1" duration-ms="6502" started-at="2021-05-05T00:43:07 GMT" finished-at="2021-05-05T00:43:14 GMT">
      <class name="com.loginModule.LoginTest">
        <test-method status="PASS" signature="beforeTest(org.testng.ITestContext)[pri:0, instance:com.loginModule.LoginTest@59494225]" name="beforeTest" is-config="true" duration-ms="4394" started-at="2021-05-05T00:43:07 GMT" finished-at="2021-05-05T00:43:12 GMT">
          <params>
            <param index="0">
              <value>
                <![CDATA[org.testng.TestRunner@10bbd20a]]>
              </value>
            </param>
          </params>
          <reporter-output>
          </reporter-output>
        </test-method> <!-- beforeTest -->
        <test-method status="PASS" signature="setUpCredentials(java.lang.String,java.lang.String,java.lang.String)[pri:0, instance:com.loginModule.LoginTest@59494225]" name="setUpCredentials" is-config="true" duration-ms="1" started-at="2021-05-05T00:43:12 GMT" depends-on-methods="com.test.BaseTest.beforeTest" finished-at="2021-05-05T00:43:12 GMT">
          <params>
            <param index="0">
              <value>
                <![CDATA[demo]]>
              </value>
            </param>
            <param index="1">
              <value>
                <![CDATA[1234]]>
              </value>
            </param>
            <param index="2">
              <value>
                <![CDATA[]]>
              </value>
            </param>
          </params>
          <reporter-output>
          </reporter-output>
        </test-method> <!-- setUpCredentials -->
        <test-method status="PASS" signature="setUp()[pri:0, instance:com.loginModule.LoginTest@59494225]" name="setUp" is-config="true" duration-ms="682" started-at="2021-05-05T00:43:12 GMT" finished-at="2021-05-05T00:43:12 GMT">
          <reporter-output>
          </reporter-output>
        </test-method> <!-- setUp -->
        <test-method status="PASS" signature="loginPositive()[pri:0, instance:com.loginModule.LoginTest@59494225]" name="loginPositive" duration-ms="1192" started-at="2021-05-05T00:43:12 GMT" finished-at="2021-05-05T00:43:13 GMT">
          <reporter-output>
          </reporter-output>
        </test-method> <!-- loginPositive -->
        <test-method status="PASS" signature="afterMethod(org.testng.ITestResult)[pri:0, instance:com.loginModule.LoginTest@59494225]" name="afterMethod" is-config="true" duration-ms="59" started-at="2021-05-05T00:43:13 GMT" finished-at="2021-05-05T00:43:13 GMT">
          <params>
            <param index="0">
              <value>
                <![CDATA[[TestResult name=loginPositive status=SUCCESS method=LoginTest.loginPositive()[pri:0, instance:com.loginModule.LoginTest@59494225] output={null}]]]>
              </value>
            </param>
          </params>
          <reporter-output>
          </reporter-output>
        </test-method> <!-- afterMethod -->
        <test-method status="PASS" signature="tearDown()[pri:0, instance:com.loginModule.LoginTest@59494225]" name="tearDown" is-config="true" duration-ms="171" started-at="2021-05-05T00:43:13 GMT" finished-at="2021-05-05T00:43:14 GMT">
          <reporter-output>
          </reporter-output>
        </test-method> <!-- tearDown -->
      </class> <!-- com.loginModule.LoginTest -->
    </test> <!-- Positive Login1 -->
    <test name="Negative login - username/password does not match1" duration-ms="9165" started-at="2021-05-05T00:43:07 GMT" finished-at="2021-05-05T00:43:16 GMT">
      <class name="com.loginModule.LoginTest">
        <test-method status="PASS" signature="beforeTest(org.testng.ITestContext)[pri:0, instance:com.loginModule.LoginTest@6c3708b3]" name="beforeTest" is-config="true" duration-ms="6877" started-at="2021-05-05T00:43:07 GMT" finished-at="2021-05-05T00:43:14 GMT">
          <params>
            <param index="0">
              <value>
                <![CDATA[org.testng.TestRunner@184f6be2]]>
              </value>
            </param>
          </params>
          <reporter-output>
          </reporter-output>
        </test-method> <!-- beforeTest -->
        <test-method status="PASS" signature="setUpCredentials(java.lang.String,java.lang.String,java.lang.String)[pri:0, instance:com.loginModule.LoginTest@6c3708b3]" name="setUpCredentials" is-config="true" duration-ms="0" started-at="2021-05-05T00:43:14 GMT" depends-on-methods="com.test.BaseTest.beforeTest" finished-at="2021-05-05T00:43:14 GMT">
          <params>
            <param index="0">
              <value>
                <![CDATA[demo]]>
              </value>
            </param>
            <param index="1">
              <value>
                <![CDATA[12345]]>
              </value>
            </param>
            <param index="2">
              <value>
                <![CDATA[The given name / password are incorrect. Please, try again.]]>
              </value>
            </param>
          </params>
          <reporter-output>
          </reporter-output>
        </test-method> <!-- setUpCredentials -->
        <test-method status="PASS" signature="setUp()[pri:0, instance:com.loginModule.LoginTest@6c3708b3]" name="setUp" is-config="true" duration-ms="686" started-at="2021-05-05T00:43:14 GMT" finished-at="2021-05-05T00:43:15 GMT">
          <reporter-output>
          </reporter-output>
        </test-method> <!-- setUp -->
        <test-method status="PASS" signature="loginUsernamePasswordNoMatch()[pri:0, instance:com.loginModule.LoginTest@6c3708b3]" name="loginUsernamePasswordNoMatch" duration-ms="1411" started-at="2021-05-05T00:43:15 GMT" finished-at="2021-05-05T00:43:16 GMT">
          <reporter-output>
          </reporter-output>
        </test-method> <!-- loginUsernamePasswordNoMatch -->
        <test-method status="PASS" signature="afterMethod(org.testng.ITestResult)[pri:0, instance:com.loginModule.LoginTest@6c3708b3]" name="afterMethod" is-config="true" duration-ms="59" started-at="2021-05-05T00:43:16 GMT" finished-at="2021-05-05T00:43:16 GMT">
          <params>
            <param index="0">
              <value>
                <![CDATA[[TestResult name=loginUsernamePasswordNoMatch status=SUCCESS method=LoginTest.loginUsernamePasswordNoMatch()[pri:0, instance:com.loginModule.LoginTest@6c3708b3] output={null}]]]>
              </value>
            </param>
          </params>
          <reporter-output>
          </reporter-output>
        </test-method> <!-- afterMethod -->
        <test-method status="PASS" signature="tearDown()[pri:0, instance:com.loginModule.LoginTest@6c3708b3]" name="tearDown" is-config="true" duration-ms="130" started-at="2021-05-05T00:43:16 GMT" finished-at="2021-05-05T00:43:16 GMT">
          <reporter-output>
          </reporter-output>
        </test-method> <!-- tearDown -->
      </class> <!-- com.loginModule.LoginTest -->
    </test> <!-- Negative login - username/password does not match1 -->
    <test name="Negative login - empty password1" duration-ms="11073" started-at="2021-05-05T00:43:07 GMT" finished-at="2021-05-05T00:43:18 GMT">
      <class name="com.loginModule.LoginTest">
        <test-method status="PASS" signature="beforeTest(org.testng.ITestContext)[pri:0, instance:com.loginModule.LoginTest@63753b6d]" name="beforeTest" is-config="true" duration-ms="9559" started-at="2021-05-05T00:43:07 GMT" finished-at="2021-05-05T00:43:17 GMT">
          <params>
            <param index="0">
              <value>
                <![CDATA[org.testng.TestRunner@6895a785]]>
              </value>
            </param>
          </params>
          <reporter-output>
          </reporter-output>
        </test-method> <!-- beforeTest -->
        <test-method status="PASS" signature="setUpCredentials(java.lang.String,java.lang.String,java.lang.String)[pri:0, instance:com.loginModule.LoginTest@63753b6d]" name="setUpCredentials" is-config="true" duration-ms="1" started-at="2021-05-05T00:43:17 GMT" depends-on-methods="com.test.BaseTest.beforeTest" finished-at="2021-05-05T00:43:17 GMT">
          <params>
            <param index="0">
              <value>
                <![CDATA[demo]]>
              </value>
            </param>
            <param index="1">
              <value>
                <![CDATA[]]>
              </value>
            </param>
            <param index="2">
              <value>
                <![CDATA[This field is required]]>
              </value>
            </param>
          </params>
          <reporter-output>
          </reporter-output>
        </test-method> <!-- setUpCredentials -->
        <test-method status="PASS" signature="setUp()[pri:0, instance:com.loginModule.LoginTest@63753b6d]" name="setUp" is-config="true" duration-ms="616" started-at="2021-05-05T00:43:17 GMT" finished-at="2021-05-05T00:43:17 GMT">
          <reporter-output>
          </reporter-output>
        </test-method> <!-- setUp -->
        <test-method status="PASS" signature="loginEmptyPassword()[pri:0, instance:com.loginModule.LoginTest@63753b6d]" name="loginEmptyPassword" duration-ms="723" started-at="2021-05-05T00:43:17 GMT" finished-at="2021-05-05T00:43:18 GMT">
          <reporter-output>
          </reporter-output>
        </test-method> <!-- loginEmptyPassword -->
        <test-method status="PASS" signature="afterMethod(org.testng.ITestResult)[pri:0, instance:com.loginModule.LoginTest@63753b6d]" name="afterMethod" is-config="true" duration-ms="58" started-at="2021-05-05T00:43:18 GMT" finished-at="2021-05-05T00:43:18 GMT">
          <params>
            <param index="0">
              <value>
                <![CDATA[[TestResult name=loginEmptyPassword status=SUCCESS method=LoginTest.loginEmptyPassword()[pri:0, instance:com.loginModule.LoginTest@63753b6d] output={null}]]]>
              </value>
            </param>
          </params>
          <reporter-output>
          </reporter-output>
        </test-method> <!-- afterMethod -->
        <test-method status="PASS" signature="tearDown()[pri:0, instance:com.loginModule.LoginTest@63753b6d]" name="tearDown" is-config="true" duration-ms="114" started-at="2021-05-05T00:43:18 GMT" finished-at="2021-05-05T00:43:18 GMT">
          <reporter-output>
          </reporter-output>
        </test-method> <!-- tearDown -->
      </class> <!-- com.loginModule.LoginTest -->
    </test> <!-- Negative login - empty password1 -->
  </suite> <!-- login-module -->
</testng-results>
